FLACSound/leakcanary-sample/build/outputs/logs/manifest-merger-debug-report.txt
-- Merging decision tree log ---
manifest
ADDED from src\main\AndroidManifest.xml:17:1-35:12
	package
		ADDED from src\main\AndroidManifest.xml:19:5-37
		INJECTED from src\main\AndroidManifest.xml
		INJECTED from src\main\AndroidManifest.xml
	android:versionName
		INJECTED from src\main\AndroidManifest.xml
		INJECTED from src\main\AndroidManifest.xml
	xmlns:android
		ADDED from src\main\AndroidManifest.xml:18:5-63
	android:versionCode
		INJECTED from src\main\AndroidManifest.xml
		INJECTED from src\main\AndroidManifest.xml
application
ADDED from src\main\AndroidManifest.xml:21:3-34:17
MERGED from [com.squareup.leakcanary:leakcanary-android:1.6-SNAPSHOT] AndroidManifest.xml:28:5-57:19
MERGED from [com.squareup.leakcanary:leakcanary-analyzer:1.6-SNAPSHOT] AndroidManifest.xml:25:5-20
MERGED from [com.squareup.leakcanary:leakcanary-watcher:1.6-SNAPSHOT] AndroidManifest.xml:25:5-20
	android:allowBackup
		ADDED from src\main\AndroidManifest.xml:21:51-78
	android:icon
		ADDED from src\main\AndroidManifest.xml:22:7-43
	android:name
		ADDED from src\main\AndroidManifest.xml:21:16-50
activity#com.example.leakcanary.MainActivity
ADDED from src\main\AndroidManifest.xml:24:5-33:16
	android:label
		ADDED from src\main\AndroidManifest.xml:25:9-41
	android:name
		ADDED from src\main\AndroidManifest.xml:26:9-37
intent-filter#android.intent.action.MAIN+android.intent.category.DEFAULT+android.intent.category.LAUNCHER
ADDED from src\main\AndroidManifest.xml:28:7-32:23
action#android.intent.action.MAIN
ADDED from src\main\AndroidManifest.xml:29:9-60
	android:name
		ADDED from src\main\AndroidManifest.xml:29:17-58
category#android.intent.category.LAUNCHER
ADDED from src\main\AndroidManifest.xml:30:9-68
	android:name
		ADDED from src\main\AndroidManifest.xml:30:19-66
category#android.intent.category.DEFAULT
ADDED from src\main\AndroidManifest.xml:31:9-67
	android:name
		ADDED from src\main\AndroidManifest.xml:31:19-65
uses-sdk
INJECTED from src\main\AndroidManifest.xml reason: use-sdk injection requested
MERGED from [com.squareup.leakcanary:leakcanary-android:1.6-SNAPSHOT] AndroidManifest.xml:20:5-22:41
MERGED from [com.squareup.leakcanary:leakcanary-analyzer:1.6-SNAPSHOT] AndroidManifest.xml:21:5-23:41
MERGED from [com.squareup.leakcanary:leakcanary-watcher:1.6-SNAPSHOT] AndroidManifest.xml:21:5-23:41
	android:targetSdkVersion
		INJECTED from src\main\AndroidManifest.xml
		INJECTED from src\main\AndroidManifest.xml
	android:minSdkVersion
		INJECTED from src\main\AndroidManifest.xml
		INJECTED from src\main\AndroidManifest.xml
uses-permission#android.permission.READ_EXTERNAL_STORAGE
ADDED from [com.squareup.leakcanary:leakcanary-android:1.6-SNAPSHOT] AndroidManifest.xml:25:5-80
	android:name
		ADDED from [com.squareup.leakcanary:leakcanary-android:1.6-SNAPSHOT] AndroidManifest.xml:25:22-77
uses-permission#android.permission.WRITE_EXTERNAL_STORAGE
ADDED from [com.squareup.leakcanary:leakcanary-android:1.6-SNAPSHOT] AndroidManifest.xml:26:5-81
	android:name
		ADDED from [com.squareup.leakcanary:leakcanary-android:1.6-SNAPSHOT] AndroidManifest.xml:26:22-78
service#com.squareup.leakcanary.internal.HeapAnalyzerService
ADDED from [com.squareup.leakcanary:leakcanary-android:1.6-SNAPSHOT] AndroidManifest.xml:29:9-32:45
	android:enabled
		ADDED from [com.squareup.leakcanary:leakcanary-android:1.6-SNAPSHOT] AndroidManifest.xml:31:13-36
	android:process
		ADDED from [com.squareup.leakcanary:leakcanary-android:1.6-SNAPSHOT] AndroidManifest.xml:32:13-42
	android:name
		ADDED from [com.squareup.leakcanary:leakcanary-android:1.6-SNAPSHOT] AndroidManifest.xml:30:13-80
service#com.squareup.leakcanary.DisplayLeakService
ADDED from [com.squareup.leakcanary:leakcanary-android:1.6-SNAPSHOT] AndroidManifest.xml:33:9-35:39
	android:enabled
		ADDED from [com.squareup.leakcanary:leakcanary-android:1.6-SNAPSHOT] AndroidManifest.xml:35:13-36
	android:name
		ADDED from [com.squareup.leakcanary:leakcanary-android:1.6-SNAPSHOT] AndroidManifest.xml:34:13-70
activity#com.squareup.leakcanary.internal.DisplayLeakActivity
ADDED from [com.squareup.leakcanary:leakcanary-android:1.6-SNAPSHOT] AndroidManifest.xml:37:9-49:20
	android:enabled
		ADDED from [com.squareup.leakcanary:leakcanary-android:1.6-SNAPSHOT] AndroidManifest.xml:39:13-36
	android:label
		ADDED from [com.squareup.leakcanary:leakcanary-android:1.6-SNAPSHOT] AndroidManifest.xml:41:13-71
	android:icon
		ADDED from [com.squareup.leakcanary:leakcanary-android:1.6-SNAPSHOT] AndroidManifest.xml:40:13-54
	android:theme
		ADDED from [com.squareup.leakcanary:leakcanary-android:1.6-SNAPSHOT] AndroidManifest.xml:43:13-63
	android:taskAffinity
		ADDED from [com.squareup.leakcanary:leakcanary-android:1.6-SNAPSHOT] AndroidManifest.xml:42:13-59
	android:name
		ADDED from [com.squareup.leakcanary:leakcanary-android:1.6-SNAPSHOT] AndroidManifest.xml:38:13-80
intent-filter#android.intent.action.MAIN+android.intent.category.LAUNCHER
ADDED from [com.squareup.leakcanary:leakcanary-android:1.6-SNAPSHOT] AndroidManifest.xml:44:13-48:29
activity#com.squareup.leakcanary.internal.RequestStoragePermissionActivity
ADDED from [com.squareup.leakcanary:leakcanary-android:1.6-SNAPSHOT] AndroidManifest.xml:50:9-56:68
	android:enabled
		ADDED from [com.squareup.leakcanary:leakcanary-android:1.6-SNAPSHOT] AndroidManifest.xml:52:13-36
	android:label
		ADDED from [com.squareup.leakcanary:leakcanary-android:1.6-SNAPSHOT] AndroidManifest.xml:54:13-82
	android:icon
		ADDED from [com.squareup.leakcanary:leakcanary-android:1.6-SNAPSHOT] AndroidManifest.xml:53:13-54
	android:theme
		ADDED from [com.squareup.leakcanary:leakcanary-android:1.6-SNAPSHOT] AndroidManifest.xml:56:13-65
	android:taskAffinity
		ADDED from [com.squareup.leakcanary:leakcanary-android:1.6-SNAPSHOT] AndroidManifest.xml:55:13-59
	android:name
		ADDED from [com.squareup.leakcanary:leakcanary-android:1.6-SNAPSHOT] AndroidManifest.xml:51:13-93